\BOOKMARK [0][-]{chapter.1}{\376\377\173\054\116\000\172\340\000\040\000\040\137\025\212\000}{}% 1
\BOOKMARK [1][-]{section.1.1}{\376\377\0001\000.\0001\000\040\220\011\230\230\200\314\146\157\123\312\141\017\116\111}{chapter.1}% 2
\BOOKMARK [2][-]{subsection.1.1.1}{\376\377\0001\000.\0001\000.\0001\000\040\220\011\230\230\170\024\172\166\121\205\133\271\377\010\137\205\145\071\217\333\377\011}{section.1.1}% 3
\BOOKMARK [2][-]{subsection.1.1.2}{\376\377\0001\000.\0001\000.\0002\000\040\211\343\121\263\225\356\230\230\377\010\146\057\124\046\177\051\121\317\122\060\122\115\227\142\116\000\134\017\202\202\377\011}{section.1.1}% 4
\BOOKMARK [1][-]{section.1.2}{\376\377\0001\000.\0002\000\040\126\375\121\205\131\026\170\024\172\166\163\260\162\266}{chapter.1}% 5
\BOOKMARK [2][-]{subsection.1.2.1}{\376\377\0001\000.\0002\000.\0001\000\040\146\076\137\256\142\020\120\317\126\375\121\205\131\026\123\321\134\125\163\260\162\266}{section.1.2}% 6
\BOOKMARK [2][-]{subsection.1.2.2}{\376\377\0001\000.\0002\000.\0002\000\040\121\111\133\146\205\204\201\234\150\300\155\113\166\204\123\321\134\125\163\260\162\266}{section.1.2}% 7
\BOOKMARK [1][-]{section.1.3}{\376\377\0001\000.\0003\000\040\147\054\145\207\116\073\211\201\116\373\122\241\124\214\133\211\143\222}{chapter.1}% 8
\BOOKMARK [2][-]{subsection.1.3.1}{\376\377\0001\000.\0003\000.\0001\000\040\116\073\211\201\116\373\122\241\124\214\133\211\143\222}{section.1.3}% 9
\BOOKMARK [2][-]{subsection.1.3.2}{\376\377\0001\000.\0003\000.\0002\000\040\147\054\172\340\134\017\176\323}{section.1.3}% 10
\BOOKMARK [0][-]{chapter.2}{\376\377\173\054\116\214\172\340\000\040\000\040\146\076\137\256\142\020\120\317\174\373\176\337\145\164\117\123\145\271\150\110\213\276\213\241}{}% 11
\BOOKMARK [1][-]{section.2.1}{\376\377\0002\000.\0001\000\040\146\076\137\256\127\372\147\054\123\237\164\006}{chapter.2}% 12
\BOOKMARK [2][-]{subsection.2.1.1}{\376\377\0002\000.\0001\000.\0001\000\040\121\111\133\146\142\020\120\317\123\237\164\006}{section.2.1}% 13
\BOOKMARK [2][-]{subsection.2.1.2}{\376\377\0002\000.\0001\000.\0002\000\040\146\076\137\256\225\134\176\323\147\204\147\204\220\040}{section.2.1}% 14
\BOOKMARK [1][-]{section.2.2}{\376\377\0002\000.\0002\000\040\146\076\137\256\142\020\120\317\131\004\164\006\136\163\123\360\126\150\116\366\220\011\127\213}{chapter.2}% 15
\BOOKMARK [2][-]{subsection.2.2.1}{\376\377\0002\000.\0002\000.\0001\000\040\146\076\137\256\225\134\131\064\162\151\225\134\166\356\225\134\220\011\127\213\377\010\116\015\137\000\135\345\377\011}{section.2.2}% 16
\BOOKMARK [2][-]{subsection.2.2.2}{\376\377\0002\000.\0002\000.\0002\000\040\126\376\120\317\117\040\141\037\126\150\166\204\220\011\127\213}{section.2.2}% 17
\BOOKMARK [2][-]{subsection.2.2.3}{\376\377\0002\000.\0002\000.\0003\000\040\126\376\120\317\131\004\164\006\145\271\150\110\170\024\172\166}{section.2.2}% 18
\BOOKMARK [2][-]{subsection.2.2.4}{\376\377\0002\000.\0002\000.\0004\000\040\145\160\143\156\117\040\217\223\143\245\123\343\116\313\176\315\377\010\000C\000S\000I\000\040\000U\000S\000B\000\040\000E\000t\000h\000e\000r\000n\000e\000t\377\011}{section.2.2}% 19
\BOOKMARK [1][-]{section.2.3}{\376\377\0002\000.\0003\000\040\174\373\176\337\136\163\123\360\233\074\233\074\233\074\233\074\233\074}{chapter.2}% 20
\BOOKMARK [0][-]{chapter.3}{\376\377\173\054\116\011\172\340\000\040\000\040\146\076\137\256\126\376\120\317\131\004\164\006\136\163\123\360\174\373\176\337\213\276\213\241}{}% 21
\BOOKMARK [1][-]{section.3.1}{\376\377\0003\000.\0001\000\040\150\021\203\223\155\076\136\163\123\360\173\200\116\313}{chapter.3}% 22
\BOOKMARK [1][-]{section.3.2}{\376\377\0003\000.\0002\000\040\126\376\120\317\117\040\141\037\126\150\143\245\123\343\232\161\122\250\172\013\136\217}{chapter.3}% 23
\BOOKMARK [2][-]{subsection.3.2.1}{\376\377\0003\000.\0002\000.\0001\000\040\143\245\123\343\232\161\122\250\173\200\116\313}{section.3.2}% 24
\BOOKMARK [2][-]{subsection.3.2.2}{\376\377\0003\000.\0002\000.\0002\000\040\000V\0004\000L\0002\232\161\122\250\150\106\147\266\123\117\213\256\116\206\211\343\117\177\165\050}{section.3.2}% 25
\BOOKMARK [1][-]{section.3.3}{\376\377\0003\000.\0003\000\040\146\076\137\256\126\376\120\317\230\204\131\004\164\006}{chapter.3}% 26
\BOOKMARK [2][-]{subsection.3.3.1}{\376\377\0003\000.\0003\000.\0001\000\040\230\204\131\004\164\006\126\376\120\317\173\227\154\325\170\024\172\166\122\006\147\220}{section.3.3}% 27
\BOOKMARK [1][-]{section.3.4}{\376\377\0003\000.\0004\000\040\133\236\145\366\126\376\120\317\131\004\164\006\173\227\154\325\122\006\147\220}{chapter.3}% 28
\BOOKMARK [1][-]{section.3.5}{\376\377\0003\000.\0005\000\040\116\012\117\115\147\072\126\376\120\317\146\076\171\072\131\004\164\006}{chapter.3}% 29
\BOOKMARK [0][-]{chapter.4}{\376\377\173\054\126\333\172\340\000\040\000\040\146\076\137\256\142\020\120\317\174\373\176\337\166\204\150\300\155\113\133\236\232\214}{}% 30
\BOOKMARK [1][-]{section.4.1}{\376\377\0004\000.\0001\000\040\205\204\201\234\210\150\227\142\177\072\226\167\150\300\155\113\155\113\213\325}{chapter.4}% 31
\BOOKMARK [2][-]{subsection.4.1.1}{\376\377\0004\000.\0001\000.\0001\000\040\133\236\232\214\116\352\126\150\116\313\176\315\124\214\133\211\210\305}{section.4.1}% 32
\BOOKMARK [2][-]{subsection.4.1.2}{\376\377\0004\000.\0001\000.\0002\000\040\177\072\226\167\150\300\155\113\176\323\147\234\122\006\147\220}{section.4.1}% 33
\BOOKMARK [2][-]{subsection.4.1.3}{\376\377\0004\000.\0001\000.\0003\000\040\147\054\172\340\134\017\202\202}{section.4.1}% 34
\BOOKMARK [0][-]{chapter.5}{\376\377\173\054\116\224\172\340\000\040\000\040\140\073\176\323\116\016\134\125\147\033}{}% 35
\BOOKMARK [1][-]{section.5.1}{\376\377\0005\000.\0001\000\040\213\272\145\207\135\345\117\134\140\073\176\323}{chapter.5}% 36
\BOOKMARK [1][-]{section.5.2}{\376\377\0005\000.\0002\000\040\147\052\147\145\123\321\134\125\134\125\147\033}{chapter.5}% 37
\BOOKMARK [0][-]{chapter*.22}{\376\377\201\364\214\042}{}% 38
\BOOKMARK [0][-]{section*.23}{\376\377\123\302\200\003\145\207\163\056}{}% 39
\BOOKMARK [0][-]{appendix.A}{\376\377\226\104\137\125\000\040\000A\000\040\000\040\145\160\143\156}{}% 40
\BOOKMARK [1][-]{section.A.1}{\376\377\000A\000.\0001\000\040\116\343\170\001}{appendix.A}% 41
